<?xml version="1.0" encoding="UTF-8"?>
<!-- Generated by org.testng.reporters.JUnitReportReporter -->
<testsuite hostname="DESKTOP-1118KPU" failures="0" tests="1" name="test.day2" time="0.002" errors="0" timestamp="2024-06-22T18:15:07 IST" skipped="0">
  <testcase classname="test.day2" name="pLoan" time="0.002"/>
</testsuite> <!-- test.day2 -->
